<?xml version="1.0" encoding="UTF-8"?>
<!-- Generated by org.testng.reporters.JUnitXMLReporter -->
<testsuite ignored="0" hostname="DESKTOP-0L9DERS" failures="0" tests="1" name="Test" time="1.69" errors="0" timestamp="2025-03-26T16:56:41 EDT">
  <testcase classname="testRunnercrossBrowser3.TestRunnercrossBrowser3" name="@BeforeTest setUp" time="0.013">
    <failure type="java.lang.IllegalArgumentException" message="Input must be set">
      <![CDATA[java.lang.IllegalArgumentException: Input must be set
at org.openqa.selenium.internal.Require.nonNull(Require.java:60)
at org.openqa.selenium.support.ui.FluentWait.<init>(FluentWait.java:93)
at org.openqa.selenium.support.ui.WebDriverWait.<init>(WebDriverWait.java:74)
at org.openqa.selenium.support.ui.WebDriverWait.<init>(WebDriverWait.java:43)
at utilitycrossBrowser3.BaseClasscrossBrowser3.<init>(BaseClasscrossBrowser3.java:20)
at testRunnercrossBrowser3.TestRunnercrossBrowser3.setUp(TestRunnercrossBrowser3.java:24)
... Removed 22 stack frames]]>
    </failure>
  </testcase> <!-- @BeforeTest setUp -->
  <testcase classname="testRunnercrossBrowser3.TestRunnercrossBrowser3" name="@AfterTest tearDown" time="0.0">
    <skipped/>
  </testcase> <!-- @AfterTest tearDown -->
  <testcase classname="io.cucumber.testng.AbstractTestNGCucumberTests" name="runScenario" time="0.0">
    <skipped/>
  </testcase> <!-- runScenario -->
</testsuite> <!-- Test -->
